2025-01-16 20:36:19,967 - ERROR - Excel文件不存在: characters.xlsx
2025-01-16 20:37:58,829 - ERROR - 读取Excel文件失败: Excel xlsx file; not supported
2025-01-16 20:37:58,829 - ERROR - 没有找到角色数据
2025-01-16 20:41:33,829 - INFO - 成功读取到 567 条角色数据
2025-01-16 20:41:34,157 - INFO - 成功下载图片: 日和莉_1星.png
2025-01-16 20:41:34,397 - INFO - 成功下载图片: 日和莉_3星.png
2025-01-16 20:41:34,638 - INFO - 成功下载图片: 日和莉_6星.png
2025-01-16 20:41:34,893 - INFO - 成功下载图片: 优衣_1星.png
2025-01-16 20:41:35,137 - INFO - 成功下载图片: 优衣_3星.png
2025-01-16 20:41:35,405 - INFO - 成功下载图片: 优衣_6星.png
2025-01-16 20:41:35,727 - INFO - 成功下载图片: 怜_1星.png
2025-01-16 20:41:35,977 - INFO - 成功下载图片: 怜_3星.png
2025-01-16 20:41:36,238 - INFO - 成功下载图片: 怜_6星.png
2025-01-16 20:41:36,488 - INFO - 成功下载图片: 未奏希_1星.png
2025-01-16 20:41:36,735 - INFO - 成功下载图片: 未奏希_3星.png
2025-01-16 20:41:36,986 - INFO - 成功下载图片: 未奏希_6星.png
2025-01-16 20:41:37,232 - INFO - 成功下载图片: 茉莉_1星.png
2025-01-16 20:41:37,479 - INFO - 成功下载图片: 茉莉_3星.png
2025-01-16 20:41:37,739 - INFO - 成功下载图片: 茉莉_6星.png
2025-01-16 20:41:38,022 - INFO - 成功下载图片: 茜里_1星.png
2025-01-16 20:41:38,330 - INFO - 成功下载图片: 茜里_3星.png
2025-01-16 20:41:38,662 - INFO - 成功下载图片: 茜里_6星.png
2025-01-16 20:41:38,920 - INFO - 成功下载图片: 宫子_1星.png
2025-01-16 20:41:39,400 - INFO - 成功下载图片: 宫子_3星.png
2025-01-16 20:41:39,808 - INFO - 成功下载图片: 宫子_6星.png
2025-01-16 20:41:40,065 - INFO - 成功下载图片: 雪_1星.png
2025-01-16 20:41:40,309 - INFO - 成功下载图片: 雪_3星.png
2025-01-16 20:41:40,560 - INFO - 成功下载图片: 雪_6星.png
2025-01-16 20:41:40,816 - INFO - 成功下载图片: 杏奈_1星.png
2025-01-16 20:41:41,060 - INFO - 成功下载图片: 杏奈_3星.png
2025-01-16 20:41:41,311 - INFO - 成功下载图片: 杏奈_6星.png
2025-01-16 20:41:41,567 - INFO - 成功下载图片: 真步_1星.png
2025-01-16 20:41:41,827 - INFO - 成功下载图片: 真步_3星.png
2025-01-16 20:41:42,096 - INFO - 成功下载图片: 真步_6星.png
2025-01-16 20:41:42,335 - INFO - 成功下载图片: 璃乃_1星.png
2025-01-16 20:41:42,817 - INFO - 成功下载图片: 璃乃_3星.png
2025-01-16 20:41:43,068 - INFO - 成功下载图片: 璃乃_6星.png
2025-01-16 20:41:43,322 - INFO - 成功下载图片: 初音_1星.png
2025-01-16 20:41:43,572 - INFO - 成功下载图片: 初音_3星.png
2025-01-16 20:41:43,816 - INFO - 成功下载图片: 初音_6星.png
2025-01-16 20:41:44,075 - INFO - 成功下载图片: 七七香_1星.png
2025-01-16 20:41:44,336 - INFO - 成功下载图片: 七七香_3星.png
2025-01-16 20:41:44,579 - INFO - 成功下载图片: 七七香_6星.png
2025-01-16 20:41:44,817 - INFO - 成功下载图片: 香澄_1星.png
2025-01-16 20:41:45,060 - INFO - 成功下载图片: 香澄_3星.png
2025-01-16 20:41:45,309 - INFO - 成功下载图片: 香澄_6星.png
2025-01-16 20:41:45,546 - INFO - 成功下载图片: 美里_1星.png
2025-01-16 20:41:45,841 - INFO - 成功下载图片: 美里_3星.png
2025-01-16 20:41:46,110 - INFO - 成功下载图片: 美里_6星.png
2025-01-16 20:41:46,364 - INFO - 成功下载图片: 铃奈_1星.png
2025-01-16 20:41:47,393 - INFO - 成功下载图片: 铃奈_3星.png
2025-01-16 20:41:47,898 - INFO - 成功下载图片: 铃奈_6星.png
2025-01-16 20:41:48,141 - INFO - 成功下载图片: 香织_1星.png
2025-01-16 20:41:48,560 - INFO - 成功下载图片: 香织_3星.png
2025-01-16 20:41:49,469 - INFO - 成功下载图片: 香织_6星.png
2025-01-16 20:41:50,305 - INFO - 成功下载图片: 伊绪_1星.png
2025-01-16 20:41:50,569 - INFO - 成功下载图片: 伊绪_3星.png
2025-01-16 20:41:51,570 - INFO - 成功下载图片: 伊绪_6星.png
2025-01-16 20:41:51,806 - INFO - 成功下载图片: 美美_1星.png
2025-01-16 20:41:52,372 - INFO - 成功下载图片: 美美_3星.png
2025-01-16 20:41:52,888 - INFO - 成功下载图片: 美美_6星.png
2025-01-16 20:41:53,379 - INFO - 成功下载图片: 胡桃_1星.png
2025-01-16 20:41:54,303 - INFO - 成功下载图片: 胡桃_3星.png
2025-01-16 20:41:54,876 - INFO - 成功下载图片: 胡桃_6星.png
2025-01-16 20:41:55,127 - INFO - 成功下载图片: 依里_1星.png
2025-01-16 20:41:56,443 - INFO - 成功下载图片: 依里_3星.png
2025-01-16 20:41:56,979 - INFO - 成功下载图片: 依里_6星.png
2025-01-16 20:41:57,221 - INFO - 成功下载图片: 绫音_1星.png
2025-01-16 20:41:57,821 - INFO - 成功下载图片: 绫音_3星.png
2025-01-16 20:41:58,065 - INFO - 成功下载图片: 绫音_6星.png
2025-01-16 20:41:58,479 - INFO - 成功下载图片: 铃莓_1星.png
2025-01-16 20:41:59,679 - INFO - 成功下载图片: 铃莓_3星.png
2025-01-16 20:42:00,293 - INFO - 成功下载图片: 铃莓_6星.png
2025-01-16 20:42:00,543 - INFO - 成功下载图片: 铃_1星.png
2025-01-16 20:42:00,778 - INFO - 成功下载图片: 铃_3星.png
2025-01-16 20:42:01,009 - INFO - 成功下载图片: 铃_6星.png
2025-01-16 20:42:01,248 - INFO - 成功下载图片: 惠理子_1星.png
2025-01-16 20:42:01,460 - INFO - 成功下载图片: 惠理子_3星.png
2025-01-16 20:42:01,705 - INFO - 成功下载图片: 惠理子_6星.png
2025-01-16 20:42:02,138 - INFO - 成功下载图片: 咲恋_1星.png
2025-01-16 20:42:02,390 - INFO - 成功下载图片: 咲恋_3星.png
2025-01-16 20:42:03,033 - INFO - 成功下载图片: 咲恋_6星.png
2025-01-16 20:42:03,230 - INFO - 成功下载图片: 望_1星.png
2025-01-16 20:42:03,450 - INFO - 成功下载图片: 望_3星.png
2025-01-16 20:42:03,668 - INFO - 成功下载图片: 望_6星.png
2025-01-16 20:42:03,887 - INFO - 成功下载图片: 妮侬_1星.png
2025-01-16 20:42:04,115 - INFO - 成功下载图片: 妮侬_3星.png
2025-01-16 20:42:04,337 - INFO - 成功下载图片: 妮侬_6星.png
2025-01-16 20:42:04,538 - INFO - 成功下载图片: 忍_1星.png
2025-01-16 20:42:04,787 - INFO - 成功下载图片: 忍_3星.png
2025-01-16 20:42:05,193 - INFO - 成功下载图片: 忍_6星.png
2025-01-16 20:42:05,435 - INFO - 成功下载图片: 秋乃_1星.png
2025-01-16 20:42:05,948 - INFO - 成功下载图片: 秋乃_3星.png
2025-01-16 20:42:06,686 - INFO - 成功下载图片: 秋乃_6星.png
2025-01-16 20:42:07,349 - INFO - 成功下载图片: 真阳_1星.png
2025-01-16 20:42:07,794 - INFO - 成功下载图片: 真阳_3星.png
2025-01-16 20:42:09,252 - INFO - 成功下载图片: 真阳_6星.png
2025-01-16 20:42:09,943 - INFO - 成功下载图片: 由加莉_1星.png
2025-01-16 20:42:10,476 - INFO - 成功下载图片: 由加莉_3星.png
2025-01-16 20:42:11,013 - INFO - 成功下载图片: 由加莉_6星.png
2025-01-16 20:42:11,257 - INFO - 成功下载图片: 镜华_1星.png
2025-01-16 20:42:11,694 - INFO - 成功下载图片: 镜华_3星.png
2025-01-16 20:42:11,957 - INFO - 成功下载图片: 镜华_6星.png
2025-01-16 20:42:12,204 - INFO - 成功下载图片: 智_1星.png
2025-01-16 20:42:12,407 - INFO - 成功下载图片: 智_3星.png
2025-01-16 20:42:12,650 - INFO - 成功下载图片: 智_6星.png
2025-01-16 20:42:12,861 - INFO - 成功下载图片: 栞_1星.png
2025-01-16 20:42:13,094 - INFO - 成功下载图片: 栞_3星.png
2025-01-16 20:42:13,379 - INFO - 成功下载图片: 栞_6星.png
2025-01-16 20:42:14,641 - INFO - 成功下载图片: 碧_1星.png
2025-01-16 20:42:15,096 - INFO - 成功下载图片: 碧_3星.png
2025-01-16 20:42:15,520 - INFO - 成功下载图片: 碧_6星.png
2025-01-16 20:42:16,017 - INFO - 成功下载图片: 千歌_1星.png
2025-01-16 20:42:16,680 - INFO - 成功下载图片: 千歌_3星.png
2025-01-16 20:42:16,943 - INFO - 成功下载图片: 千歌_6星.png
2025-01-16 20:42:17,207 - INFO - 成功下载图片: 真琴_1星.png
2025-01-16 20:42:17,631 - INFO - 成功下载图片: 真琴_3星.png
2025-01-16 20:42:17,878 - INFO - 成功下载图片: 真琴_6星.png
2025-01-16 20:42:18,131 - INFO - 成功下载图片: 伊莉亚_1星.png
2025-01-16 20:42:18,407 - INFO - 成功下载图片: 伊莉亚_3星.png
2025-01-16 20:42:18,665 - INFO - 成功下载图片: 伊莉亚_6星.png
2025-01-16 20:42:19,118 - INFO - 成功下载图片: 空花_1星.png
2025-01-16 20:42:19,360 - INFO - 成功下载图片: 空花_3星.png
2025-01-16 20:42:19,610 - INFO - 成功下载图片: 空花_6星.png
2025-01-16 20:42:19,865 - INFO - 成功下载图片: 珠希_1星.png
2025-01-16 20:42:20,135 - INFO - 成功下载图片: 珠希_3星.png
2025-01-16 20:42:20,633 - INFO - 成功下载图片: 珠希_6星.png
2025-01-16 20:42:20,876 - INFO - 成功下载图片: 纯_1星.png
2025-01-16 20:42:21,169 - INFO - 成功下载图片: 纯_3星.png
2025-01-16 20:42:21,419 - INFO - 成功下载图片: 纯_6星.png
2025-01-16 20:42:21,671 - INFO - 成功下载图片: 美冬_1星.png
2025-01-16 20:42:21,925 - INFO - 成功下载图片: 美冬_3星.png
2025-01-16 20:42:22,177 - INFO - 成功下载图片: 美冬_6星.png
2025-01-16 20:42:22,436 - INFO - 成功下载图片: 静流_1星.png
2025-01-16 20:42:22,938 - INFO - 成功下载图片: 静流_3星.png
2025-01-16 20:42:23,197 - INFO - 成功下载图片: 静流_6星.png
2025-01-16 20:42:23,510 - INFO - 成功下载图片: 美咲_1星.png
2025-01-16 20:42:23,790 - INFO - 成功下载图片: 美咲_3星.png
2025-01-16 20:42:24,268 - INFO - 成功下载图片: 美咲_6星.png
2025-01-16 20:42:24,502 - INFO - 成功下载图片: 深月_1星.png
2025-01-16 20:42:24,790 - INFO - 成功下载图片: 深月_3星.png
2025-01-16 20:42:25,054 - INFO - 成功下载图片: 深月_6星.png
2025-01-16 20:42:25,311 - INFO - 成功下载图片: 莉玛_1星.png
2025-01-16 20:42:25,555 - INFO - 成功下载图片: 莉玛_3星.png
2025-01-16 20:42:25,793 - INFO - 成功下载图片: 莉玛_6星.png
2025-01-16 20:42:26,232 - INFO - 成功下载图片: 莫妮卡_1星.png
2025-01-16 20:42:26,487 - INFO - 成功下载图片: 莫妮卡_3星.png
2025-01-16 20:42:26,734 - INFO - 成功下载图片: 莫妮卡_6星.png
2025-01-16 20:42:27,003 - INFO - 成功下载图片: 纺希_1星.png
2025-01-16 20:42:27,239 - INFO - 成功下载图片: 纺希_3星.png
2025-01-16 20:42:27,482 - INFO - 成功下载图片: 纺希_6星.png
2025-01-16 20:42:27,729 - INFO - 成功下载图片: 步美_1星.png
2025-01-16 20:42:27,973 - INFO - 成功下载图片: 步美_3星.png
2025-01-16 20:42:28,256 - INFO - 成功下载图片: 步美_6星.png
2025-01-16 20:42:28,524 - INFO - 成功下载图片: 流夏_1星.png
2025-01-16 20:42:28,793 - INFO - 成功下载图片: 流夏_3星.png
2025-01-16 20:42:29,040 - INFO - 成功下载图片: 姬塔_1星.png
2025-01-16 20:42:29,284 - INFO - 成功下载图片: 姬塔_3星.png
2025-01-16 20:42:29,542 - INFO - 成功下载图片: 姬塔_6星.png
2025-01-16 20:42:29,790 - INFO - 成功下载图片: 佩可莉姆_1星.png
2025-01-16 20:42:30,038 - INFO - 成功下载图片: 佩可莉姆_3星.png
2025-01-16 20:42:30,305 - INFO - 成功下载图片: 佩可莉姆_6星.png
2025-01-16 20:42:30,543 - INFO - 成功下载图片: 可可萝_1星.png
2025-01-16 20:42:30,779 - INFO - 成功下载图片: 可可萝_3星.png
2025-01-16 20:42:31,010 - INFO - 成功下载图片: 可可萝_6星.png
2025-01-16 20:42:31,265 - INFO - 成功下载图片: 凯露_1星.png
2025-01-16 20:42:31,511 - INFO - 成功下载图片: 凯露_3星.png
2025-01-16 20:42:31,762 - INFO - 成功下载图片: 凯露_6星.png
2025-01-16 20:42:32,009 - INFO - 成功下载图片: 矛依未_1星.png
2025-01-16 20:42:32,254 - INFO - 成功下载图片: 矛依未_3星.png
2025-01-16 20:42:32,512 - INFO - 成功下载图片: 矛依未_6星.png
2025-01-16 20:42:32,746 - INFO - 成功下载图片: 亚里莎_1星.png
2025-01-16 20:42:32,995 - INFO - 成功下载图片: 亚里莎_3星.png
2025-01-16 20:42:33,239 - INFO - 成功下载图片: 亚里莎_6星.png
2025-01-16 20:42:33,470 - INFO - 成功下载图片: 雪菲_1星.png
2025-01-16 20:42:33,712 - INFO - 成功下载图片: 雪菲_3星.png
2025-01-16 20:42:33,957 - INFO - 成功下载图片: 雪菲_6星.png
2025-01-16 20:42:34,197 - INFO - 成功下载图片: 嘉夜_1星.png
2025-01-16 20:42:34,446 - INFO - 成功下载图片: 嘉夜_3星.png
2025-01-16 20:42:34,701 - INFO - 成功下载图片: 嘉夜_6星.png
2025-01-16 20:42:34,943 - INFO - 成功下载图片: 祈梨_1星.png
2025-01-16 20:42:35,307 - INFO - 成功下载图片: 祈梨_3星.png
2025-01-16 20:42:35,554 - INFO - 成功下载图片: 祈梨_6星.png
2025-01-16 20:42:35,794 - INFO - 成功下载图片: 帆稀_1星.png
2025-01-16 20:42:36,052 - INFO - 成功下载图片: 帆稀_3星.png
2025-01-16 20:42:36,320 - INFO - 成功下载图片: 菈比莉斯塔_1星.png
2025-01-16 20:42:36,579 - INFO - 成功下载图片: 菈比莉斯塔_3星.png
2025-01-16 20:42:36,826 - INFO - 成功下载图片: 霸瞳皇帝_1星.png
2025-01-16 20:42:37,079 - INFO - 成功下载图片: 霸瞳皇帝_3星.png
2025-01-16 20:42:37,510 - INFO - 成功下载图片: 似似花_1星.png
2025-01-16 20:42:37,977 - INFO - 成功下载图片: 似似花_3星.png
2025-01-16 20:42:38,217 - INFO - 成功下载图片: 克莉丝提娜_1星.png
2025-01-16 20:42:38,458 - INFO - 成功下载图片: 克莉丝提娜_3星.png
2025-01-16 20:42:38,713 - INFO - 成功下载图片: 克莉丝提娜_6星.png
2025-01-16 20:42:38,957 - INFO - 成功下载图片: 佩可莉姆 夏日_1星.png
2025-01-16 20:42:39,412 - INFO - 成功下载图片: 佩可莉姆 夏日_3星.png
2025-01-16 20:42:39,659 - INFO - 成功下载图片: 佩可莉姆 夏日_6星.png
2025-01-16 20:42:39,910 - INFO - 成功下载图片: 可可萝 夏日_1星.png
2025-01-16 20:42:40,165 - INFO - 成功下载图片: 可可萝 夏日_3星.png
2025-01-16 20:42:40,400 - INFO - 成功下载图片: 可可萝 夏日_6星.png
2025-01-16 20:42:40,649 - INFO - 成功下载图片: 铃莓 夏日_1星.png
2025-01-16 20:42:40,907 - INFO - 成功下载图片: 铃莓 夏日_3星.png
2025-01-16 20:42:41,162 - INFO - 成功下载图片: 凯露 夏日_1星.png
2025-01-16 20:42:41,405 - INFO - 成功下载图片: 凯露 夏日_3星.png
2025-01-16 20:42:41,695 - INFO - 成功下载图片: 凯露 夏日_6星.png
2025-01-16 20:42:41,934 - INFO - 成功下载图片: 珠希 夏日_1星.png
2025-01-16 20:42:42,186 - INFO - 成功下载图片: 珠希 夏日_3星.png
2025-01-16 20:42:42,442 - INFO - 成功下载图片: 美冬 夏日_1星.png
2025-01-16 20:42:42,683 - INFO - 成功下载图片: 美冬 夏日_3星.png
2025-01-16 20:42:42,926 - INFO - 成功下载图片: 忍 万圣_1星.png
2025-01-16 20:42:43,387 - INFO - 成功下载图片: 忍 万圣_3星.png
2025-01-16 20:42:43,627 - INFO - 成功下载图片: 宫子 万圣_1星.png
2025-01-16 20:42:43,868 - INFO - 成功下载图片: 宫子 万圣_3星.png
2025-01-16 20:42:44,141 - INFO - 成功下载图片: 美咲 万圣_1星.png
2025-01-16 20:42:44,409 - INFO - 成功下载图片: 美咲 万圣_3星.png
2025-01-16 20:42:44,869 - INFO - 成功下载图片: 千歌 圣诞_1星.png
2025-01-16 20:42:45,136 - INFO - 成功下载图片: 千歌 圣诞_3星.png
2025-01-16 20:42:45,380 - INFO - 成功下载图片: 胡桃 圣诞_1星.png
2025-01-16 20:42:45,633 - INFO - 成功下载图片: 胡桃 圣诞_3星.png
2025-01-16 20:42:45,903 - INFO - 成功下载图片: 绫音 圣诞_1星.png
2025-01-16 20:42:46,182 - INFO - 成功下载图片: 绫音 圣诞_3星.png
2025-01-16 20:42:46,446 - INFO - 成功下载图片: 日和莉 新年_1星.png
2025-01-16 20:42:46,723 - INFO - 成功下载图片: 日和莉 新年_3星.png
2025-01-16 20:42:46,996 - INFO - 成功下载图片: 优衣 新年_1星.png
2025-01-16 20:42:47,249 - INFO - 成功下载图片: 优衣 新年_3星.png
2025-01-16 20:42:47,776 - INFO - 成功下载图片: 怜 新年_1星.png
2025-01-16 20:42:48,037 - INFO - 成功下载图片: 怜 新年_3星.png
2025-01-16 20:42:48,423 - INFO - 成功下载图片: 惠理子 情人_1星.png
2025-01-16 20:42:48,688 - INFO - 成功下载图片: 惠理子 情人_3星.png
2025-01-16 20:42:48,973 - INFO - 成功下载图片: 静流 情人_1星.png
2025-01-16 20:42:49,224 - INFO - 成功下载图片: 静流 情人_3星.png
2025-01-16 20:42:49,461 - INFO - 成功下载图片: 安_1星.png
2025-01-16 20:42:49,723 - INFO - 成功下载图片: 安_3星.png
2025-01-16 20:42:50,004 - INFO - 成功下载图片: 露_1星.png
2025-01-16 20:42:50,260 - INFO - 成功下载图片: 露_3星.png
2025-01-16 20:42:50,505 - INFO - 成功下载图片: 古蕾雅_1星.png
2025-01-16 20:42:50,755 - INFO - 成功下载图片: 古蕾雅_3星.png
2025-01-16 20:42:51,020 - INFO - 成功下载图片: 空花 大江户_1星.png
2025-01-16 20:42:51,294 - INFO - 成功下载图片: 空花 大江户_3星.png
2025-01-16 20:42:51,541 - INFO - 成功下载图片: 妮侬 大江户_1星.png
2025-01-16 20:42:51,803 - INFO - 成功下载图片: 妮侬 大江户_3星.png
2025-01-16 20:42:52,049 - INFO - 成功下载图片: 雷姆_1星.png
2025-01-16 20:42:52,292 - INFO - 成功下载图片: 雷姆_3星.png
2025-01-16 20:42:52,526 - INFO - 成功下载图片: 拉姆_1星.png
2025-01-16 20:42:52,766 - INFO - 成功下载图片: 拉姆_3星.png
2025-01-16 20:42:53,016 - INFO - 成功下载图片: 爱蜜莉雅_1星.png
2025-01-16 20:42:53,245 - INFO - 成功下载图片: 爱蜜莉雅_3星.png
2025-01-16 20:42:53,493 - INFO - 成功下载图片: 铃奈 夏日_1星.png
2025-01-16 20:42:53,740 - INFO - 成功下载图片: 铃奈 夏日_3星.png
2025-01-16 20:42:53,998 - INFO - 成功下载图片: 伊绪 夏日_1星.png
2025-01-16 20:42:54,241 - INFO - 成功下载图片: 伊绪 夏日_3星.png
2025-01-16 20:42:54,497 - INFO - 成功下载图片: 咲恋 夏日_1星.png
2025-01-16 20:42:54,744 - INFO - 成功下载图片: 咲恋 夏日_3星.png
2025-01-16 20:42:54,980 - INFO - 成功下载图片: 真琴 夏日_1星.png
2025-01-16 20:42:55,240 - INFO - 成功下载图片: 真琴 夏日_3星.png
2025-01-16 20:42:55,488 - INFO - 成功下载图片: 香织 夏日_1星.png
2025-01-16 20:42:55,723 - INFO - 成功下载图片: 香织 夏日_3星.png
2025-01-16 20:42:55,983 - INFO - 成功下载图片: 真步 夏日_1星.png
2025-01-16 20:42:56,234 - INFO - 成功下载图片: 真步 夏日_3星.png
2025-01-16 20:42:56,480 - INFO - 成功下载图片: 碧 插班生_1星.png
2025-01-16 20:42:56,726 - INFO - 成功下载图片: 碧 插班生_3星.png
2025-01-16 20:42:56,980 - INFO - 成功下载图片: 克罗依_1星.png
2025-01-16 20:42:57,455 - INFO - 成功下载图片: 克罗依_3星.png
2025-01-16 20:42:57,743 - INFO - 成功下载图片: 千爱瑠_1星.png
2025-01-16 20:42:58,040 - INFO - 成功下载图片: 千爱瑠_3星.png
2025-01-16 20:42:58,308 - INFO - 成功下载图片: 优妮_1星.png
2025-01-16 20:42:58,556 - INFO - 成功下载图片: 优妮_3星.png
2025-01-16 20:42:58,792 - INFO - 成功下载图片: 镜华 万圣_1星.png
2025-01-16 20:42:59,061 - INFO - 成功下载图片: 镜华 万圣_3星.png
2025-01-16 20:42:59,377 - INFO - 成功下载图片: 未奏希 万圣_1星.png
2025-01-16 20:42:59,683 - INFO - 成功下载图片: 未奏希 万圣_3星.png
2025-01-16 20:42:59,919 - INFO - 成功下载图片: 美美 万圣_1星.png
2025-01-16 20:43:00,195 - INFO - 成功下载图片: 美美 万圣_3星.png
2025-01-16 20:43:00,438 - INFO - 成功下载图片: 露娜_1星.png
2025-01-16 20:43:00,727 - INFO - 成功下载图片: 露娜_3星.png
2025-01-16 20:43:01,240 - INFO - 成功下载图片: 克莉丝提娜 圣诞_1星.png
2025-01-16 20:43:01,512 - INFO - 成功下载图片: 克莉丝提娜 圣诞_3星.png
2025-01-16 20:43:01,847 - INFO - 成功下载图片: 望 圣诞_1星.png
2025-01-16 20:43:02,104 - INFO - 成功下载图片: 望 圣诞_3星.png
2025-01-16 20:43:02,375 - INFO - 成功下载图片: 伊莉亚 圣诞_1星.png
2025-01-16 20:43:02,631 - INFO - 成功下载图片: 伊莉亚 圣诞_3星.png
2025-01-16 20:43:02,887 - INFO - 成功下载图片: 佩可莉姆 新年_1星.png
2025-01-16 20:43:03,192 - INFO - 成功下载图片: 佩可莉姆 新年_3星.png
2025-01-16 20:43:03,444 - INFO - 成功下载图片: 可可萝 新年_1星.png
2025-01-16 20:43:03,706 - INFO - 成功下载图片: 可可萝 新年_3星.png
2025-01-16 20:43:03,959 - INFO - 成功下载图片: 凯露 新年_1星.png
2025-01-16 20:43:04,210 - INFO - 成功下载图片: 凯露 新年_3星.png
2025-01-16 20:43:04,456 - INFO - 成功下载图片: 铃莓 新年_1星.png
2025-01-16 20:43:04,882 - INFO - 成功下载图片: 铃莓 新年_3星.png
2025-01-16 20:43:05,165 - INFO - 成功下载图片: 香澄 魔法少女_1星.png
2025-01-16 20:43:05,436 - INFO - 成功下载图片: 香澄 魔法少女_3星.png
2025-01-16 20:43:05,687 - INFO - 成功下载图片: 栞 魔法少女_1星.png
2025-01-16 20:43:05,960 - INFO - 成功下载图片: 栞 魔法少女_3星.png
2025-01-16 20:43:06,212 - INFO - 成功下载图片: 卯月 偶像大师_1星.png
2025-01-16 20:43:06,461 - INFO - 成功下载图片: 卯月 偶像大师_3星.png
2025-01-16 20:43:06,771 - INFO - 成功下载图片: 凛 偶像大师_1星.png
2025-01-16 20:43:07,034 - INFO - 成功下载图片: 凛 偶像大师_3星.png
2025-01-16 20:43:07,290 - INFO - 成功下载图片: 未央 偶像大师_1星.png
2025-01-16 20:43:07,541 - INFO - 成功下载图片: 未央 偶像大师_3星.png
2025-01-16 20:43:07,836 - INFO - 成功下载图片: 铃 游骑兵_1星.png
2025-01-16 20:43:08,260 - INFO - 成功下载图片: 铃 游骑兵_3星.png
2025-01-16 20:43:08,511 - INFO - 成功下载图片: 真阳 游骑兵_1星.png
2025-01-16 20:43:08,784 - INFO - 成功下载图片: 真阳 游骑兵_3星.png
2025-01-16 20:43:09,036 - INFO - 成功下载图片: 璃乃 仙境_1星.png
2025-01-16 20:43:09,284 - INFO - 成功下载图片: 璃乃 仙境_3星.png
2025-01-16 20:43:09,523 - INFO - 成功下载图片: 步美 仙境_1星.png
2025-01-16 20:43:09,770 - INFO - 成功下载图片: 步美 仙境_3星.png
2025-01-16 20:43:10,049 - INFO - 成功下载图片: 流夏 夏日_1星.png
2025-01-16 20:43:10,295 - INFO - 成功下载图片: 流夏 夏日_3星.png
2025-01-16 20:43:10,544 - INFO - 成功下载图片: 杏奈 夏日_1星.png
2025-01-16 20:43:10,822 - INFO - 成功下载图片: 杏奈 夏日_3星.png
2025-01-16 20:43:11,080 - INFO - 成功下载图片: 七七香 夏日_1星.png
2025-01-16 20:43:11,335 - INFO - 成功下载图片: 七七香 夏日_3星.png
2025-01-16 20:43:11,598 - INFO - 成功下载图片: 初音 夏日_1星.png
2025-01-16 20:43:11,852 - INFO - 成功下载图片: 初音 夏日_3星.png
2025-01-16 20:43:12,135 - INFO - 成功下载图片: 美里 夏日_1星.png
2025-01-16 20:43:12,400 - INFO - 成功下载图片: 美里 夏日_3星.png
2025-01-16 20:43:12,638 - INFO - 成功下载图片: 纯 夏日_1星.png
2025-01-16 20:43:12,906 - INFO - 成功下载图片: 纯 夏日_3星.png
2025-01-16 20:43:13,143 - INFO - 成功下载图片: 茜里 天使_1星.png
2025-01-16 20:43:13,392 - INFO - 成功下载图片: 茜里 天使_3星.png
2025-01-16 20:43:13,634 - INFO - 成功下载图片: 依里 天使_1星.png
2025-01-16 20:43:14,055 - INFO - 成功下载图片: 依里 天使_3星.png
2025-01-16 20:43:14,350 - INFO - 成功下载图片: 纺希 万圣_1星.png
2025-01-16 20:43:14,680 - INFO - 成功下载图片: 纺希 万圣_3星.png
2025-01-16 20:43:14,954 - INFO - 成功下载图片: 怜 万圣_1星.png
2025-01-16 20:43:15,250 - INFO - 成功下载图片: 怜 万圣_3星.png
2025-01-16 20:43:15,527 - INFO - 成功下载图片: 茉莉 万圣_1星.png
2025-01-16 20:43:16,312 - INFO - 成功下载图片: 茉莉 万圣_3星.png
2025-01-16 20:43:16,860 - INFO - 成功下载图片: 莫妮卡 魔法少女_1星.png
2025-01-16 20:43:17,693 - INFO - 成功下载图片: 莫妮卡 魔法少女_3星.png
2025-01-16 20:43:17,889 - INFO - 成功下载图片: 智 魔法少女_1星.png
2025-01-16 20:43:18,445 - INFO - 成功下载图片: 智 魔法少女_3星.png
2025-01-16 20:43:18,874 - INFO - 成功下载图片: 秋乃 圣诞_1星.png
2025-01-16 20:43:19,149 - INFO - 成功下载图片: 秋乃 圣诞_3星.png
2025-01-16 20:43:19,577 - INFO - 成功下载图片: 咲恋 圣诞_1星.png
2025-01-16 20:43:19,814 - INFO - 成功下载图片: 咲恋 圣诞_3星.png
2025-01-16 20:43:20,060 - INFO - 成功下载图片: 由加莉 圣诞_1星.png
2025-01-16 20:43:20,433 - INFO - 成功下载图片: 由加莉 圣诞_3星.png
2025-01-16 20:43:20,875 - INFO - 成功下载图片: 矛依未 新年_1星.png
2025-01-16 20:43:21,477 - INFO - 成功下载图片: 矛依未 新年_3星.png
2025-01-16 20:43:22,020 - INFO - 成功下载图片: 似似花 新年_1星.png
2025-01-16 20:43:22,264 - INFO - 成功下载图片: 似似花 新年_3星.png
2025-01-16 20:43:22,482 - INFO - 成功下载图片: 可可萝 礼服_1星.png
2025-01-16 20:43:22,685 - INFO - 成功下载图片: 可可萝 礼服_3星.png
2025-01-16 20:43:22,901 - INFO - 成功下载图片: 优衣 礼服_1星.png
2025-01-16 20:43:24,123 - INFO - 成功下载图片: 优衣 礼服_3星.png
2025-01-16 20:43:24,360 - INFO - 成功下载图片: 香澄 夏日_1星.png
2025-01-16 20:43:24,599 - INFO - 成功下载图片: 香澄 夏日_3星.png
2025-01-16 20:43:25,150 - INFO - 成功下载图片: 莉玛 灰姑娘_1星.png
2025-01-16 20:43:26,116 - INFO - 成功下载图片: 莉玛 灰姑娘_3星.png
2025-01-16 20:43:27,387 - INFO - 成功下载图片: 真琴 灰姑娘_1星.png
2025-01-16 20:43:27,940 - INFO - 成功下载图片: 真琴 灰姑娘_3星.png
2025-01-16 20:43:28,179 - INFO - 成功下载图片: 真步 灰姑娘_1星.png
2025-01-16 20:43:29,230 - INFO - 成功下载图片: 真步 灰姑娘_3星.png
2025-01-16 20:43:29,986 - INFO - 成功下载图片: 克罗依 圣学祭_1星.png
2025-01-16 20:43:30,311 - INFO - 成功下载图片: 克罗依 圣学祭_3星.png
2025-01-16 20:43:30,543 - INFO - 成功下载图片: 千爱瑠 圣学祭_1星.png
2025-01-16 20:43:30,780 - INFO - 成功下载图片: 千爱瑠 圣学祭_3星.png
2025-01-16 20:43:31,019 - INFO - 成功下载图片: 优妮 圣学祭_1星.png
2025-01-16 20:43:31,256 - INFO - 成功下载图片: 优妮 圣学祭_3星.png
2025-01-16 20:43:31,955 - INFO - 成功下载图片: 祈梨 时间旅行_1星.png
2025-01-16 20:43:32,178 - INFO - 成功下载图片: 祈梨 时间旅行_3星.png
2025-01-16 20:43:32,655 - INFO - 成功下载图片: 嘉夜 时间旅行_1星.png
2025-01-16 20:43:32,862 - INFO - 成功下载图片: 嘉夜 时间旅行_3星.png
2025-01-16 20:43:33,137 - INFO - 成功下载图片: 碧 工作服_1星.png
2025-01-16 20:43:33,428 - INFO - 成功下载图片: 碧 工作服_3星.png
2025-01-16 20:43:33,691 - INFO - 成功下载图片: 珠希 工作服_1星.png
2025-01-16 20:43:33,952 - INFO - 成功下载图片: 珠希 工作服_3星.png
2025-01-16 20:43:34,543 - INFO - 成功下载图片: 美冬 工作服_1星.png
2025-01-16 20:43:35,632 - INFO - 成功下载图片: 美冬 工作服_3星.png
2025-01-16 20:43:35,892 - INFO - 成功下载图片: 惠理子 夏日_1星.png
2025-01-16 20:43:36,123 - INFO - 成功下载图片: 惠理子 夏日_3星.png
2025-01-16 20:43:36,526 - INFO - 成功下载图片: 静流 夏日_1星.png
2025-01-16 20:43:36,947 - INFO - 成功下载图片: 静流 夏日_3星.png
2025-01-16 20:43:37,179 - INFO - 成功下载图片: 望 夏日_1星.png
2025-01-16 20:43:37,936 - INFO - 成功下载图片: 望 夏日_3星.png
2025-01-16 20:43:38,193 - INFO - 成功下载图片: 千歌 夏日_1星.png
2025-01-16 20:43:38,417 - INFO - 成功下载图片: 千歌 夏日_3星.png
2025-01-16 20:43:38,642 - INFO - 成功下载图片: 纺希 夏日_1星.png
2025-01-16 20:43:38,830 - INFO - 成功下载图片: 纺希 夏日_3星.png
2025-01-16 20:43:39,044 - INFO - 成功下载图片: 深月 大江户_1星.png
2025-01-16 20:43:39,246 - INFO - 成功下载图片: 深月 大江户_3星.png
2025-01-16 20:43:39,462 - INFO - 成功下载图片: 雪 大江户_1星.png
2025-01-16 20:43:39,697 - INFO - 成功下载图片: 雪 大江户_3星.png
2025-01-16 20:43:39,911 - INFO - 成功下载图片: 香织 万圣_1星.png
2025-01-16 20:43:40,117 - INFO - 成功下载图片: 香织 万圣_3星.png
2025-01-16 20:43:40,436 - INFO - 成功下载图片: 妮侬 万圣_1星.png
2025-01-16 20:43:41,081 - INFO - 成功下载图片: 妮侬 万圣_3星.png
2025-01-16 20:43:42,558 - INFO - 成功下载图片: 铃奈 万圣_1星.png
2025-01-16 20:43:42,794 - INFO - 成功下载图片: 铃奈 万圣_3星.png
2025-01-16 20:43:43,198 - INFO - 成功下载图片: 克蕾琪塔_1星.png
2025-01-16 20:43:44,403 - INFO - 成功下载图片: 克蕾琪塔_3星.png
2025-01-16 20:43:44,615 - INFO - 成功下载图片: 兰法_1星.png
2025-01-16 20:43:44,835 - INFO - 成功下载图片: 兰法_3星.png
2025-01-16 20:43:45,051 - INFO - 成功下载图片: 美空_1星.png
2025-01-16 20:43:45,275 - INFO - 成功下载图片: 美空_3星.png
2025-01-16 20:43:45,510 - INFO - 成功下载图片: 花凛_1星.png
2025-01-16 20:43:45,718 - INFO - 成功下载图片: 花凛_3星.png
2025-01-16 20:43:45,914 - INFO - 成功下载图片: 伊绪 黑暗_1星.png
2025-01-16 20:43:46,133 - INFO - 成功下载图片: 伊绪 黑暗_3星.png
2025-01-16 20:43:46,581 - INFO - 成功下载图片: 空花 黑暗_1星.png
2025-01-16 20:43:47,051 - INFO - 成功下载图片: 空花 黑暗_3星.png
2025-01-16 20:43:47,360 - INFO - 成功下载图片: 真阳 圣诞_1星.png
2025-01-16 20:43:47,646 - INFO - 成功下载图片: 真阳 圣诞_3星.png
2025-01-16 20:43:47,902 - INFO - 成功下载图片: 璃乃 圣诞_1星.png
2025-01-16 20:43:48,352 - INFO - 成功下载图片: 璃乃 圣诞_3星.png
2025-01-16 20:43:48,619 - INFO - 成功下载图片: 宫子 圣诞_1星.png
2025-01-16 20:43:49,072 - INFO - 成功下载图片: 宫子 圣诞_3星.png
2025-01-16 20:43:49,328 - INFO - 成功下载图片: 静流 黑暗_1星.png
2025-01-16 20:43:49,565 - INFO - 成功下载图片: 静流 黑暗_3星.png
2025-01-16 20:43:49,804 - INFO - 成功下载图片: 雪菲 新年_1星.png
2025-01-16 20:43:50,226 - INFO - 成功下载图片: 雪菲 新年_3星.png
2025-01-16 20:43:50,468 - INFO - 成功下载图片: 流夏 新年_1星.png
2025-01-16 20:43:50,724 - INFO - 成功下载图片: 流夏 新年_3星.png
2025-01-16 20:43:51,185 - INFO - 成功下载图片: 伊莉亚 新年_1星.png
2025-01-16 20:43:51,667 - INFO - 成功下载图片: 伊莉亚 新年_3星.png
2025-01-16 20:43:51,905 - INFO - 成功下载图片: 佩可莉姆 超负荷_1星.png
2025-01-16 20:43:52,136 - INFO - 成功下载图片: 佩可莉姆 超负荷_3星.png
2025-01-16 20:43:52,392 - INFO - 成功下载图片: 凯露 超负荷_1星.png
2025-01-16 20:43:52,634 - INFO - 成功下载图片: 凯露 超负荷_3星.png
2025-01-16 20:43:52,894 - INFO - 成功下载图片: 菈比莉斯塔 超负荷_1星.png
2025-01-16 20:43:53,150 - INFO - 成功下载图片: 菈比莉斯塔 超负荷_3星.png
2025-01-16 20:43:53,403 - INFO - 成功下载图片: 胡桃 舞台_1星.png
2025-01-16 20:43:53,655 - INFO - 成功下载图片: 胡桃 舞台_3星.png
2025-01-16 20:43:53,896 - INFO - 成功下载图片: 美咲 舞台_1星.png
2025-01-16 20:43:54,147 - INFO - 成功下载图片: 美咲 舞台_3星.png
2025-01-16 20:43:54,440 - INFO - 成功下载图片: 步美 怪盗_1星.png
2025-01-16 20:43:54,685 - INFO - 成功下载图片: 步美 怪盗_3星.png
2025-01-16 20:43:54,981 - INFO - 成功下载图片: 祈梨 怪盗_1星.png
2025-01-16 20:43:55,230 - INFO - 成功下载图片: 祈梨 怪盗_3星.png
2025-01-16 20:43:55,482 - INFO - 成功下载图片: 杏奈 海盗_1星.png
2025-01-16 20:43:55,731 - INFO - 成功下载图片: 杏奈 海盗_3星.png
2025-01-16 20:43:56,026 - INFO - 成功下载图片: 忍 海盗_1星.png
2025-01-16 20:43:56,371 - INFO - 成功下载图片: 忍 海盗_3星.png
2025-01-16 20:43:57,190 - INFO - 成功下载图片: 碧 露营_1星.png
2025-01-16 20:43:57,435 - INFO - 成功下载图片: 碧 露营_3星.png
2025-01-16 20:43:57,678 - INFO - 成功下载图片: 由加莉 露营_1星.png
2025-01-16 20:43:58,245 - INFO - 成功下载图片: 由加莉 露营_3星.png
2025-01-16 20:43:58,488 - INFO - 成功下载图片: 斑比_1星.png
2025-01-16 20:43:58,736 - INFO - 成功下载图片: 斑比_3星.png
2025-01-16 20:43:58,994 - INFO - 成功下载图片: 日和莉 夏日_1星.png
2025-01-16 20:43:59,235 - INFO - 成功下载图片: 日和莉 夏日_3星.png
2025-01-16 20:43:59,480 - INFO - 成功下载图片: 怜 夏日_1星.png
2025-01-16 20:43:59,715 - INFO - 成功下载图片: 怜 夏日_3星.png
2025-01-16 20:43:59,971 - INFO - 成功下载图片: 优衣 夏日_1星.png
2025-01-16 20:44:00,213 - INFO - 成功下载图片: 优衣 夏日_3星.png
2025-01-16 20:44:00,498 - INFO - 成功下载图片: 未奏希 夏日_1星.png
2025-01-16 20:44:00,756 - INFO - 成功下载图片: 未奏希 夏日_3星.png
2025-01-16 20:44:01,045 - INFO - 成功下载图片: 美美 夏日_1星.png
2025-01-16 20:44:01,289 - INFO - 成功下载图片: 美美 夏日_3星.png
2025-01-16 20:44:01,539 - INFO - 成功下载图片: 镜华 夏日_1星.png
2025-01-16 20:44:01,783 - INFO - 成功下载图片: 镜华 夏日_3星.png
2025-01-16 20:44:02,039 - INFO - 成功下载图片: 爱梅斯_1星.png
2025-01-16 20:44:02,496 - INFO - 成功下载图片: 爱梅斯_3星.png
2025-01-16 20:44:02,736 - INFO - 成功下载图片: 真步 探索者_1星.png
2025-01-16 20:44:03,007 - INFO - 成功下载图片: 真步 探索者_3星.png
2025-01-16 20:44:03,250 - INFO - 成功下载图片: 绫音 探索者_1星.png
2025-01-16 20:44:03,513 - INFO - 成功下载图片: 绫音 探索者_3星.png
2025-01-16 20:44:03,768 - INFO - 成功下载图片: 涅亚_1星.png
2025-01-16 20:44:04,053 - INFO - 成功下载图片: 涅亚_3星.png
2025-01-16 20:44:04,327 - INFO - 成功下载图片: 铃 万圣_1星.png
2025-01-16 20:44:04,565 - INFO - 成功下载图片: 铃 万圣_3星.png
2025-01-16 20:44:04,820 - INFO - 成功下载图片: 智 万圣_1星.png
2025-01-16 20:44:05,293 - INFO - 成功下载图片: 智 万圣_3星.png
2025-01-16 20:44:05,611 - INFO - 成功下载图片: 七七香 万圣_1星.png
2025-01-16 20:44:05,943 - INFO - 成功下载图片: 七七香 万圣_3星.png
2025-01-16 20:44:06,454 - INFO - 成功下载图片: 克莉丝提娜 狂野_1星.png
2025-01-16 20:44:06,777 - INFO - 成功下载图片: 克莉丝提娜 狂野_3星.png
2025-01-16 20:44:07,218 - INFO - 成功下载图片: 茉莉 狂野_1星.png
2025-01-16 20:44:07,482 - INFO - 成功下载图片: 茉莉 狂野_3星.png
2025-01-16 20:44:07,961 - INFO - 成功下载图片: 茜里 圣诞_1星.png
2025-01-16 20:44:08,222 - INFO - 成功下载图片: 茜里 圣诞_3星.png
2025-01-16 20:44:09,078 - INFO - 成功下载图片: 依里 圣诞_1星.png
2025-01-16 20:44:09,689 - INFO - 成功下载图片: 依里 圣诞_3星.png
2025-01-16 20:44:09,945 - INFO - 成功下载图片: 纯 圣诞_1星.png
2025-01-16 20:44:10,244 - INFO - 成功下载图片: 纯 圣诞_3星.png
2025-01-16 20:44:10,522 - INFO - 成功下载图片: 帆稀 新年_1星.png
2025-01-16 20:44:10,782 - INFO - 成功下载图片: 帆稀 新年_3星.png
2025-01-16 20:44:11,047 - INFO - 成功下载图片: 美里 新年_1星.png
2025-01-16 20:44:11,338 - INFO - 成功下载图片: 美里 新年_3星.png
2025-01-16 20:44:11,629 - INFO - 成功下载图片: 深月 新年_1星.png
2025-01-16 20:44:12,225 - INFO - 成功下载图片: 深月 新年_3星.png
2025-01-16 20:44:12,821 - INFO - 成功下载图片: 望 解放者_1星.png
2025-01-16 20:44:13,110 - INFO - 成功下载图片: 望 解放者_3星.png
2025-01-16 20:44:13,355 - INFO - 成功下载图片: 嘉夜 解放者_1星.png
2025-01-16 20:44:13,605 - INFO - 成功下载图片: 嘉夜 解放者_3星.png
2025-01-16 20:44:13,867 - INFO - 成功下载图片: 矛依未 解放者_1星.png
2025-01-16 20:44:15,312 - INFO - 成功下载图片: 矛依未 解放者_3星.png
2025-01-16 20:44:15,566 - INFO - 成功下载图片: 珠希 咖啡厅_1星.png
2025-01-16 20:44:16,214 - INFO - 成功下载图片: 珠希 咖啡厅_3星.png
2025-01-16 20:44:16,876 - INFO - 成功下载图片: 莫妮卡 咖啡厅_1星.png
2025-01-16 20:44:17,278 - INFO - 成功下载图片: 莫妮卡 咖啡厅_3星.png
2025-01-16 20:44:17,510 - INFO - 成功下载图片: 可可萝 游骑兵_1星.png
2025-01-16 20:44:17,750 - INFO - 成功下载图片: 可可萝 游骑兵_3星.png
2025-01-16 20:44:18,389 - INFO - 成功下载图片: 栞 游骑兵_1星.png
2025-01-16 20:44:18,814 - INFO - 成功下载图片: 栞 游骑兵_3星.png
2025-01-16 20:44:19,039 - INFO - 成功下载图片: 姬塔 术士_1星.png
2025-01-16 20:44:19,261 - INFO - 成功下载图片: 姬塔 术士_3星.png
2025-01-16 20:44:19,465 - INFO - 成功下载图片: 碧卡拉_1星.png
2025-01-16 20:44:19,892 - INFO - 成功下载图片: 碧卡拉_3星.png
2025-01-16 20:44:20,100 - INFO - 成功下载图片: 花凛 炼金术师_1星.png
2025-01-16 20:44:20,343 - INFO - 成功下载图片: 花凛 炼金术师_3星.png
2025-01-16 20:44:20,582 - INFO - 成功下载图片: 莉莉 堕天使_1星.png
2025-01-16 20:44:22,123 - INFO - 成功下载图片: 莉莉 堕天使_3星.png
2025-01-16 20:44:22,445 - INFO - 成功下载图片: 可璃亚 堕天使_1星.png
2025-01-16 20:44:23,691 - INFO - 成功下载图片: 可璃亚 堕天使_3星.png
2025-01-16 20:44:24,908 - INFO - 成功下载图片: 普雷西娅 堕天使_1星.png
2025-01-16 20:44:25,132 - INFO - 成功下载图片: 普雷西娅 堕天使_3星.png
2025-01-16 20:44:25,337 - INFO - 成功下载图片: 伊莉亚 礼服_1星.png
2025-01-16 20:44:25,582 - INFO - 成功下载图片: 伊莉亚 礼服_3星.png
2025-01-16 20:44:25,840 - INFO - 成功下载图片: 雪 礼服_1星.png
2025-01-16 20:44:26,426 - INFO - 成功下载图片: 雪 礼服_3星.png
2025-01-16 20:44:26,733 - INFO - 成功下载图片: 克萝茜_1星.png
2025-01-16 20:44:26,992 - INFO - 成功下载图片: 克萝茜_3星.png
2025-01-16 20:44:27,280 - INFO - 成功下载图片: 莱拉耶尔_1星.png
2025-01-16 20:44:27,624 - INFO - 成功下载图片: 莱拉耶尔_3星.png
2025-01-16 20:44:27,911 - INFO - 成功下载图片: 似似花 夏日_1星.png
2025-01-16 20:44:28,164 - INFO - 成功下载图片: 似似花 夏日_3星.png
2025-01-16 20:44:28,419 - INFO - 成功下载图片: 秋乃 夏日_1星.png
2025-01-16 20:44:28,690 - INFO - 成功下载图片: 秋乃 夏日_3星.png
2025-01-16 20:44:28,948 - INFO - 成功下载图片: 由加莉 夏日_1星.png
2025-01-16 20:44:29,202 - INFO - 成功下载图片: 由加莉 夏日_3星.png
2025-01-16 20:44:29,465 - INFO - 成功下载图片: 兰法 夏日_1星.png
2025-01-16 20:44:29,816 - INFO - 成功下载图片: 兰法 夏日_3星.png
2025-01-16 20:44:31,645 - INFO - 成功下载图片: 空花 夏日_1星.png
2025-01-16 20:44:31,969 - INFO - 成功下载图片: 空花 夏日_3星.png
2025-01-16 20:44:32,228 - INFO - 成功下载图片: 忍 夏日_1星.png
2025-01-16 20:44:32,515 - INFO - 成功下载图片: 忍 夏日_3星.png
2025-01-16 20:44:32,876 - INFO - 成功下载图片: 凯露 插班生_1星.png
2025-01-16 20:44:33,211 - INFO - 成功下载图片: 凯露 插班生_3星.png
2025-01-16 20:44:33,524 - INFO - 成功下载图片: 铃奈 插班生_1星.png
2025-01-16 20:44:33,766 - INFO - 成功下载图片: 铃奈 插班生_3星.png
2025-01-16 20:44:34,040 - INFO - 成功下载图片: 咲恋 沙漠_1星.png
2025-01-16 20:44:34,290 - INFO - 成功下载图片: 咲恋 沙漠_3星.png
2025-01-16 20:44:34,593 - INFO - 成功下载图片: 流夏 沙漠_1星.png
2025-01-16 20:44:34,836 - INFO - 成功下载图片: 流夏 沙漠_3星.png
2025-01-16 20:44:35,088 - INFO - 成功下载图片: 佩可莉姆 圣诞_1星.png
2025-01-16 20:44:35,512 - INFO - 成功下载图片: 佩可莉姆 圣诞_3星.png
2025-01-16 20:44:35,750 - INFO - 成功下载图片: 克蕾琪塔 圣诞_1星.png
2025-01-16 20:44:36,016 - INFO - 成功下载图片: 克蕾琪塔 圣诞_3星.png
2025-01-16 20:44:36,259 - INFO - 成功下载图片: 祈梨 新年_1星.png
2025-01-16 20:44:36,495 - INFO - 成功下载图片: 祈梨 新年_3星.png
2025-01-16 20:44:36,749 - INFO - 成功下载图片: 初音 新年_1星.png
2025-01-16 20:44:37,014 - INFO - 成功下载图片: 初音 新年_3星.png
2025-01-16 20:44:37,245 - INFO - 成功下载图片: 环奈_1星.png
2025-01-16 20:44:37,498 - INFO - 成功下载图片: 环奈_3星.png
2025-01-16 20:44:37,747 - INFO - 成功下载图片: 环奈 振袖_1星.png
2025-01-16 20:44:37,987 - INFO - 成功下载图片: 环奈 振袖_3星.png
2025-01-16 20:44:38,235 - INFO - 成功下载图片: 日和莉 公主_1星.png
2025-01-16 20:44:38,507 - INFO - 成功下载图片: 日和莉 公主_3星.png
2025-01-16 20:44:38,756 - INFO - 成功下载图片: 优衣 公主_1星.png
2025-01-16 20:44:39,022 - INFO - 成功下载图片: 优衣 公主_3星.png
2025-01-16 20:44:39,487 - INFO - 成功下载图片: 怜 公主_1星.png
2025-01-16 20:44:39,728 - INFO - 成功下载图片: 怜 公主_3星.png
2025-01-16 20:44:39,999 - INFO - 成功下载图片: 佩可莉姆 公主_1星.png
2025-01-16 20:44:40,246 - INFO - 成功下载图片: 佩可莉姆 公主_3星.png
2025-01-16 20:44:40,496 - INFO - 成功下载图片: 可可萝 公主_1星.png
2025-01-16 20:44:40,782 - INFO - 成功下载图片: 可可萝 公主_3星.png
2025-01-16 20:44:41,038 - INFO - 成功下载图片: 凯露 公主_1星.png
2025-01-16 20:44:41,285 - INFO - 成功下载图片: 凯露 公主_3星.png
2025-01-16 20:44:41,549 - INFO - 成功下载图片: 初音、栞_1星.png
2025-01-16 20:44:41,820 - INFO - 成功下载图片: 初音、栞_3星.png
2025-01-16 20:44:42,065 - INFO - 成功下载图片: 未奏希、美美、镜华_1星.png
2025-01-16 20:44:42,349 - INFO - 成功下载图片: 未奏希、美美、镜华_3星.png
2025-01-16 20:44:42,611 - INFO - 成功下载图片: 秋乃、咲恋_1星.png
2025-01-16 20:44:42,884 - INFO - 成功下载图片: 秋乃、咲恋_3星.png
2025-01-16 20:44:43,438 - INFO - 成功下载图片: 安、古蕾雅_1星.png
2025-01-16 20:44:43,705 - INFO - 成功下载图片: 安、古蕾雅_3星.png
2025-01-16 20:44:43,942 - INFO - 成功下载图片: 静流、璃乃_1星.png
2025-01-16 20:44:44,200 - INFO - 成功下载图片: 静流、璃乃_3星.png
2025-01-16 20:44:44,201 - INFO - 角色信息已保存到 C:\Users\wdnmd\Desktop\pcr_image_downloader\character_info.txt
2025-01-16 20:44:44,201 - INFO - 下载完成。成功: 567, 失败: 0
2025-01-16 21:38:48,413 - INFO - 成功读取到 567 条角色数据
2025-01-16 21:38:49,346 - INFO - 图片已存在，跳过下载: 日和莉_1星.png
2025-01-16 21:38:50,308 - INFO - 图片已存在，跳过下载: 日和莉_3星.png
2025-01-16 21:38:51,843 - INFO - 图片已存在，跳过下载: 日和莉_6星.png
2025-01-16 21:38:52,784 - INFO - 图片已存在，跳过下载: 优衣_1星.png
2025-01-16 21:38:53,773 - INFO - 图片已存在，跳过下载: 优衣_3星.png
2025-01-16 21:38:54,681 - INFO - 图片已存在，跳过下载: 优衣_6星.png
2025-01-16 21:38:55,692 - INFO - 图片已存在，跳过下载: 怜_1星.png
2025-01-16 21:38:56,556 - INFO - 图片已存在，跳过下载: 怜_3星.png
2025-01-16 21:38:57,522 - INFO - 图片已存在，跳过下载: 怜_6星.png
2025-01-16 21:38:58,387 - INFO - 图片已存在，跳过下载: 未奏希_1星.png
2025-01-16 21:40:39,392 - INFO - 成功读取到 567 条角色数据
2025-01-16 21:40:40,276 - INFO - 图片已存在，跳过下载: 日和莉_1星.png
2025-01-16 21:40:41,208 - INFO - 图片已存在，跳过下载: 日和莉_3星.png
2025-01-16 21:40:42,458 - INFO - 图片已存在，跳过下载: 日和莉_6星.png
